build/app/intermediates/manifest_merge_blame_file/debug/manifest-merger-blame-debug-report.txt
1<?xml version="1.0" encoding="utf-8"?>
2<manifest xmlns:android="http://schemas.android.com/apk/res/android"
3    package="com.example.betting1"
4    android:versionCode="1"
5    android:versionName="1.0.0" >
6
7    <uses-sdk
8        android:minSdkVersion="19"
9        android:targetSdkVersion="33" />
10    <!--
11         The INTERNET permission is required for development. Specifically,
12         the Flutter tool needs it to communicate with the running application
13         to allow setting breakpoints, to provide hot reload, etc.
14    -->
15    <uses-permission android:name="android.permission.INTERNET" />
15-->src/main/AndroidManifest.xml:2:5-67
15-->src/main/AndroidManifest.xml:2:22-64
16
17    <queries>
17-->[:flutter_inappwebview] AndroidManifest.xml:9:5-13:15
18        <intent>
18-->[:flutter_inappwebview] AndroidManifest.xml:10:9-12:18
19            <action android:name="android.support.customtabs.action.CustomTabsService" />
19-->[:flutter_inappwebview] AndroidManifest.xml:11:13-90
19-->[:flutter_inappwebview] AndroidManifest.xml:11:21-87
20        </intent>
21    </queries> <!-- Create a unique permission for your app and use it so only your app can receive your OneSignal messages. -->
22    <permission
22-->[com.onesignal:OneSignal:4.8.5] AndroidManifest.xml:7:5-9:47
23        android:name="com.example.betting1.permission.C2D_MESSAGE"
23-->[com.onesignal:OneSignal:4.8.5] AndroidManifest.xml:8:9-63
24        android:protectionLevel="signature" />
24-->[com.onesignal:OneSignal:4.8.5] AndroidManifest.xml:9:9-44
25
26    <uses-permission android:name="com.example.betting1.permission.C2D_MESSAGE" /> <!-- OneSignal SDK has runtime checks Android version. -->
26-->[com.onesignal:OneSignal:4.8.5] AndroidManifest.xml:11:5-79
26-->[com.onesignal:OneSignal:4.8.5] AndroidManifest.xml:11:22-76
27    <!-- <uses-sdk tools:overrideLibrary="android.support.customtabs"/> -->
28    <!-- Required runtime permission to display notifications on Android 13 -->
29    <uses-permission android:name="android.permission.POST_NOTIFICATIONS" /> <!-- c2dm RECEIVE are basic requirements for push messages through Google's FCM -->
29-->[com.onesignal:OneSignal:4.8.5] AndroidManifest.xml:16:5-77
29-->[com.onesignal:OneSignal:4.8.5] AndroidManifest.xml:16:22-74
30    <uses-permission android:name="com.google.android.c2dm.permission.RECEIVE" /> <!-- Required, makes sure notifications are delivered on time. -->
30-->[com.onesignal:OneSignal:4.8.5] AndroidManifest.xml:18:5-82
30-->[com.onesignal:OneSignal:4.8.5] AndroidManifest.xml:18:22-79
31    <uses-permission android:name="android.permission.WAKE_LOCK" />
31-->[com.onesignal:OneSignal:4.8.5] AndroidManifest.xml:19:5-68
31-->[com.onesignal:OneSignal:4.8.5] AndroidManifest.xml:19:22-65
32    <!--
33 Required so the device vibrates on receiving a push notification.
34         Vibration settings of the device still apply.
35    -->
36    <uses-permission android:name="android.permission.VIBRATE" />
36-->[com.onesignal:OneSignal:4.8.5] AndroidManifest.xml:24:5-66
36-->[com.onesignal:OneSignal:4.8.5] AndroidManifest.xml:24:22-63
37    <uses-permission android:name="android.permission.ACCESS_NETWORK_STATE" />
37-->[com.onesignal:OneSignal:4.8.5] AndroidManifest.xml:25:5-79
37-->[com.onesignal:OneSignal:4.8.5] AndroidManifest.xml:25:22-76
38    <!--
39 Use to restore notifications the user hasn't interacted with.
40         They could be missed notifications if the user reboots their device if this isn't in place.
41    -->
42    <uses-permission android:name="android.permission.RECEIVE_BOOT_COMPLETED" /> <!-- START: ShortcutBadger -->
42-->[com.onesignal:OneSignal:4.8.5] AndroidManifest.xml:30:5-81
42-->[com.onesignal:OneSignal:4.8.5] AndroidManifest.xml:30:22-78
43    <!-- Samsung -->
44    <uses-permission android:name="com.sec.android.provider.badge.permission.READ" />
44-->[com.onesignal:OneSignal:4.8.5] AndroidManifest.xml:32:5-86
44-->[com.onesignal:OneSignal:4.8.5] AndroidManifest.xml:32:22-83
45    <uses-permission android:name="com.sec.android.provider.badge.permission.WRITE" /> <!-- HTC -->
45-->[com.onesignal:OneSignal:4.8.5] AndroidManifest.xml:33:5-87
45-->[com.onesignal:OneSignal:4.8.5] AndroidManifest.xml:33:22-84
46    <uses-permission android:name="com.htc.launcher.permission.READ_SETTINGS" />
46-->[com.onesignal:OneSignal:4.8.5] AndroidManifest.xml:34:5-81
46-->[com.onesignal:OneSignal:4.8.5] AndroidManifest.xml:34:22-78
47    <uses-permission android:name="com.htc.launcher.permission.UPDATE_SHORTCUT" /> <!-- Sony -->
47-->[com.onesignal:OneSignal:4.8.5] AndroidManifest.xml:35:5-83
47-->[com.onesignal:OneSignal:4.8.5] AndroidManifest.xml:35:22-80
48    <uses-permission android:name="com.sonyericsson.home.permission.BROADCAST_BADGE" />
48-->[com.onesignal:OneSignal:4.8.5] AndroidManifest.xml:36:5-88
48-->[com.onesignal:OneSignal:4.8.5] AndroidManifest.xml:36:22-85
49    <uses-permission android:name="com.sonymobile.home.permission.PROVIDER_INSERT_BADGE" /> <!-- Apex -->
49-->[com.onesignal:OneSignal:4.8.5] AndroidManifest.xml:37:5-92
49-->[com.onesignal:OneSignal:4.8.5] AndroidManifest.xml:37:22-89
50    <uses-permission android:name="com.anddoes.launcher.permission.UPDATE_COUNT" /> <!-- Solid -->
50-->[com.onesignal:OneSignal:4.8.5] AndroidManifest.xml:38:5-84
50-->[com.onesignal:OneSignal:4.8.5] AndroidManifest.xml:38:22-81
51    <uses-permission android:name="com.majeur.launcher.permission.UPDATE_BADGE" /> <!-- Huawei -->
51-->[com.onesignal:OneSignal:4.8.5] AndroidManifest.xml:39:5-83
51-->[com.onesignal:OneSignal:4.8.5] AndroidManifest.xml:39:22-80
52    <uses-permission android:name="com.huawei.android.launcher.permission.CHANGE_BADGE" />
52-->[com.onesignal:OneSignal:4.8.5] AndroidManifest.xml:40:5-91
52-->[com.onesignal:OneSignal:4.8.5] AndroidManifest.xml:40:22-88
53    <uses-permission android:name="com.huawei.android.launcher.permission.READ_SETTINGS" />
53-->[com.onesignal:OneSignal:4.8.5] AndroidManifest.xml:41:5-92
53-->[com.onesignal:OneSignal:4.8.5] AndroidManifest.xml:41:22-89
54    <uses-permission android:name="com.huawei.android.launcher.permission.WRITE_SETTINGS" /> <!-- ZUK -->
54-->[com.onesignal:OneSignal:4.8.5] AndroidManifest.xml:42:5-93
54-->[com.onesignal:OneSignal:4.8.5] AndroidManifest.xml:42:22-90
55    <uses-permission android:name="android.permission.READ_APP_BADGE" /> <!-- OPPO -->
55-->[com.onesignal:OneSignal:4.8.5] AndroidManifest.xml:43:5-73
55-->[com.onesignal:OneSignal:4.8.5] AndroidManifest.xml:43:22-70
56    <uses-permission android:name="com.oppo.launcher.permission.READ_SETTINGS" />
56-->[com.onesignal:OneSignal:4.8.5] AndroidManifest.xml:44:5-82
56-->[com.onesignal:OneSignal:4.8.5] AndroidManifest.xml:44:22-79
57    <uses-permission android:name="com.oppo.launcher.permission.WRITE_SETTINGS" /> <!-- EvMe -->
57-->[com.onesignal:OneSignal:4.8.5] AndroidManifest.xml:45:5-83
57-->[com.onesignal:OneSignal:4.8.5] AndroidManifest.xml:45:22-80
58    <uses-permission android:name="me.everything.badger.permission.BADGE_COUNT_READ" />
58-->[com.onesignal:OneSignal:4.8.5] AndroidManifest.xml:46:5-88
58-->[com.onesignal:OneSignal:4.8.5] AndroidManifest.xml:46:22-85
59    <uses-permission android:name="me.everything.badger.permission.BADGE_COUNT_WRITE" />
59-->[com.onesignal:OneSignal:4.8.5] AndroidManifest.xml:47:5-89
59-->[com.onesignal:OneSignal:4.8.5] AndroidManifest.xml:47:22-86
60    <uses-permission android:name="android.permission.FOREGROUND_SERVICE" />
60-->[androidx.work:work-runtime:2.7.1] AndroidManifest.xml:28:5-77
60-->[androidx.work:work-runtime:2.7.1] AndroidManifest.xml:28:22-74
61
62    <application
63        android:name="android.app.Application"
64        android:appComponentFactory="androidx.core.app.CoreComponentFactory"
64-->[androidx.core:core:1.8.0] AndroidManifest.xml:24:18-86
65        android:debuggable="true"
66        android:icon="@mipmap/ic_launcher"
67        android:label="betting1"
68        android:usesCleartextTraffic="true" >
69        <activity
70            android:name="com.example.betting1.MainActivity"
71            android:configChanges="orientation|keyboardHidden|keyboard|screenSize|smallestScreenSize|locale|layoutDirection|fontScale|screenLayout|density|uiMode"
72            android:exported="true"
73            android:hardwareAccelerated="true"
74            android:launchMode="singleTop"
75            android:theme="@style/LaunchTheme"
76            android:windowSoftInputMode="adjustResize" >
77
78            <!--
79                 Specifies an Android theme to apply to this Activity as soon as
80                 the Android process has started. This theme is visible to the user
81                 while the Flutter UI initializes. After that, this theme continues
82                 to determine the Window background behind the Flutter UI.
83            -->
84            <meta-data
85                android:name="io.flutter.embedding.android.NormalTheme"
86                android:resource="@style/NormalTheme" />
87
88            <intent-filter>
89                <action android:name="android.intent.action.MAIN" />
90
91                <category android:name="android.intent.category.LAUNCHER" />
92            </intent-filter>
93        </activity>
94        <!--
95             Don't delete the meta-data below.
96             This is used by the Flutter tool to generate GeneratedPluginRegistrant.java
97        -->
98        <meta-data
99            android:name="flutterEmbedding"
100            android:value="2" />
101
102        <service
102-->[:firebase_remote_config] AndroidManifest.xml:10:9-14:19
103            android:name="com.google.firebase.components.ComponentDiscoveryService"
103-->[:firebase_remote_config] AndroidManifest.xml:10:18-89
104            android:directBootAware="true"
104-->[com.google.firebase:firebase-common:20.3.2] AndroidManifest.xml:34:13-43
105            android:exported="false" >
105-->[com.google.firebase:firebase-config:21.4.0] AndroidManifest.xml:30:13-37
106            <meta-data
106-->[:firebase_remote_config] AndroidManifest.xml:11:13-13:85
107                android:name="com.google.firebase.components:io.flutter.plugins.firebase.firebaseremoteconfig.FlutterFirebaseAppRegistrar"
107-->[:firebase_remote_config] AndroidManifest.xml:12:17-139
108                android:value="com.google.firebase.components.ComponentRegistrar" />
108-->[:firebase_remote_config] AndroidManifest.xml:13:17-82
109            <meta-data
109-->[:firebase_core] AndroidManifest.xml:11:13-13:85
110                android:name="com.google.firebase.components:io.flutter.plugins.firebase.core.FlutterFirebaseCoreRegistrar"
110-->[:firebase_core] AndroidManifest.xml:12:17-124
111                android:value="com.google.firebase.components.ComponentRegistrar" />
111-->[:firebase_core] AndroidManifest.xml:13:17-82
112            <meta-data
112-->[com.google.firebase:firebase-config:21.4.0] AndroidManifest.xml:31:13-33:85
113                android:name="com.google.firebase.components:com.google.firebase.remoteconfig.RemoteConfigRegistrar"
113-->[com.google.firebase:firebase-config:21.4.0] AndroidManifest.xml:32:17-117
114                android:value="com.google.firebase.components.ComponentRegistrar" />
114-->[com.google.firebase:firebase-config:21.4.0] AndroidManifest.xml:33:17-82
115            <meta-data
115-->[com.google.firebase:firebase-messaging:23.1.2] AndroidManifest.xml:55:13-57:85
116                android:name="com.google.firebase.components:com.google.firebase.messaging.FirebaseMessagingRegistrar"
116-->[com.google.firebase:firebase-messaging:23.1.2] AndroidManifest.xml:56:17-119
117                android:value="com.google.firebase.components.ComponentRegistrar" />
117-->[com.google.firebase:firebase-messaging:23.1.2] AndroidManifest.xml:57:17-82
118            <meta-data
118-->[com.google.firebase:firebase-abt:21.1.1] AndroidManifest.xml:12:13-14:85
119                android:name="com.google.firebase.components:com.google.firebase.abt.component.AbtRegistrar"
119-->[com.google.firebase:firebase-abt:21.1.1] AndroidManifest.xml:13:17-109
120                android:value="com.google.firebase.components.ComponentRegistrar" />
120-->[com.google.firebase:firebase-abt:21.1.1] AndroidManifest.xml:14:17-82
121            <meta-data
121-->[com.google.firebase:firebase-installations:17.1.3] AndroidManifest.xml:17:13-19:85
122                android:name="com.google.firebase.components:com.google.firebase.installations.FirebaseInstallationsRegistrar"
122-->[com.google.firebase:firebase-installations:17.1.3] AndroidManifest.xml:18:17-127
123                android:value="com.google.firebase.components.ComponentRegistrar" />
123-->[com.google.firebase:firebase-installations:17.1.3] AndroidManifest.xml:19:17-82
124            <meta-data
124-->[com.google.firebase:firebase-datatransport:18.1.7] AndroidManifest.xml:27:13-29:85
125                android:name="com.google.firebase.components:com.google.firebase.datatransport.TransportRegistrar"
125-->[com.google.firebase:firebase-datatransport:18.1.7] AndroidManifest.xml:28:17-115
126                android:value="com.google.firebase.components.ComponentRegistrar" />
126-->[com.google.firebase:firebase-datatransport:18.1.7] AndroidManifest.xml:29:17-82
127        </service>
128
129        <activity
129-->[:flutter_inappwebview] AndroidManifest.xml:16:9-20:47
130            android:name="com.pichillilorenzo.flutter_inappwebview.in_app_browser.InAppBrowserActivity"
130-->[:flutter_inappwebview] AndroidManifest.xml:17:13-104
131            android:configChanges="orientation|keyboardHidden|keyboard|screenSize|locale|layoutDirection|fontScale|screenLayout|density"
131-->[:flutter_inappwebview] AndroidManifest.xml:18:13-137
132            android:exported="false"
132-->[:flutter_inappwebview] AndroidManifest.xml:19:13-37
133            android:theme="@style/AppTheme" />
133-->[:flutter_inappwebview] AndroidManifest.xml:20:13-44
134        <activity
134-->[:flutter_inappwebview] AndroidManifest.xml:21:9-24:55
135            android:name="com.pichillilorenzo.flutter_inappwebview.chrome_custom_tabs.ChromeCustomTabsActivity"
135-->[:flutter_inappwebview] AndroidManifest.xml:22:13-112
136            android:exported="false"
136-->[:flutter_inappwebview] AndroidManifest.xml:23:13-37
137            android:theme="@style/ThemeTransparent" />
137-->[:flutter_inappwebview] AndroidManifest.xml:24:13-52
138        <activity
138-->[:flutter_inappwebview] AndroidManifest.xml:25:9-28:55
139            android:name="com.pichillilorenzo.flutter_inappwebview.chrome_custom_tabs.TrustedWebActivity"
139-->[:flutter_inappwebview] AndroidManifest.xml:26:13-106
140            android:exported="false"
140-->[:flutter_inappwebview] AndroidManifest.xml:27:13-37
141            android:theme="@style/ThemeTransparent" />
141-->[:flutter_inappwebview] AndroidManifest.xml:28:13-52
142        <activity
142-->[:flutter_inappwebview] AndroidManifest.xml:29:9-33:55
143            android:name="com.pichillilorenzo.flutter_inappwebview.chrome_custom_tabs.ChromeCustomTabsActivitySingleInstance"
143-->[:flutter_inappwebview] AndroidManifest.xml:30:13-126
144            android:exported="false"
144-->[:flutter_inappwebview] AndroidManifest.xml:31:13-37
145            android:launchMode="singleInstance"
145-->[:flutter_inappwebview] AndroidManifest.xml:32:13-48
146            android:theme="@style/ThemeTransparent" />
146-->[:flutter_inappwebview] AndroidManifest.xml:33:13-52
147        <activity
147-->[:flutter_inappwebview] AndroidManifest.xml:34:9-38:55
148            android:name="com.pichillilorenzo.flutter_inappwebview.chrome_custom_tabs.TrustedWebActivitySingleInstance"
148-->[:flutter_inappwebview] AndroidManifest.xml:35:13-120
149            android:exported="false"
149-->[:flutter_inappwebview] AndroidManifest.xml:36:13-37
150            android:launchMode="singleInstance"
150-->[:flutter_inappwebview] AndroidManifest.xml:37:13-48
151            android:theme="@style/ThemeTransparent" />
151-->[:flutter_inappwebview] AndroidManifest.xml:38:13-52
152
153        <receiver
153-->[:flutter_inappwebview] AndroidManifest.xml:40:9-43:40
154            android:name="com.pichillilorenzo.flutter_inappwebview.chrome_custom_tabs.ActionBroadcastReceiver"
154-->[:flutter_inappwebview] AndroidManifest.xml:41:13-111
155            android:enabled="true"
155-->[:flutter_inappwebview] AndroidManifest.xml:42:13-35
156            android:exported="false" />
156-->[:flutter_inappwebview] AndroidManifest.xml:43:13-37
157
158        <meta-data
158-->[:flutter_inappwebview] AndroidManifest.xml:45:9-47:36
159            android:name="io.flutter.embedded_views_preview"
159-->[:flutter_inappwebview] AndroidManifest.xml:46:13-61
160            android:value="true" />
160-->[:flutter_inappwebview] AndroidManifest.xml:47:13-33
161
162        <receiver
162-->[com.onesignal:OneSignal:4.8.5] AndroidManifest.xml:50:9-61:20
163            android:name="com.onesignal.FCMBroadcastReceiver"
163-->[com.onesignal:OneSignal:4.8.5] AndroidManifest.xml:51:13-62
164            android:exported="true"
164-->[com.onesignal:OneSignal:4.8.5] AndroidManifest.xml:52:13-36
165            android:permission="com.google.android.c2dm.permission.SEND" >
165-->[com.onesignal:OneSignal:4.8.5] AndroidManifest.xml:53:13-73
166
167            <!-- High priority so OneSignal payloads can be filtered from other FCM receivers -->
168            <intent-filter android:priority="999" >
168-->[com.onesignal:OneSignal:4.8.5] AndroidManifest.xml:56:13-60:29
168-->[com.onesignal:OneSignal:4.8.5] AndroidManifest.xml:56:28-50
169                <action android:name="com.google.android.c2dm.intent.RECEIVE" />
169-->[com.onesignal:OneSignal:4.8.5] AndroidManifest.xml:57:17-81
169-->[com.onesignal:OneSignal:4.8.5] AndroidManifest.xml:57:25-78
170
171                <category android:name="com.example.betting1" />
171-->[com.onesignal:OneSignal:4.8.5] AndroidManifest.xml:59:17-61
171-->[com.onesignal:OneSignal:4.8.5] AndroidManifest.xml:59:27-58
172            </intent-filter>
173        </receiver>
174
175        <service
175-->[com.onesignal:OneSignal:4.8.5] AndroidManifest.xml:63:9-69:19
176            android:name="com.onesignal.HmsMessageServiceOneSignal"
176-->[com.onesignal:OneSignal:4.8.5] AndroidManifest.xml:64:13-68
177            android:exported="false" >
177-->[com.onesignal:OneSignal:4.8.5] AndroidManifest.xml:65:13-37
178            <intent-filter>
178-->[com.onesignal:OneSignal:4.8.5] AndroidManifest.xml:66:13-68:29
179                <action android:name="com.huawei.push.action.MESSAGING_EVENT" />
179-->[com.onesignal:OneSignal:4.8.5] AndroidManifest.xml:67:17-81
179-->[com.onesignal:OneSignal:4.8.5] AndroidManifest.xml:67:25-78
180            </intent-filter>
181        </service>
182
183        <activity
183-->[com.onesignal:OneSignal:4.8.5] AndroidManifest.xml:71:9-79:20
184            android:name="com.onesignal.NotificationOpenedActivityHMS"
184-->[com.onesignal:OneSignal:4.8.5] AndroidManifest.xml:72:13-71
185            android:exported="true"
185-->[com.onesignal:OneSignal:4.8.5] AndroidManifest.xml:73:13-36
186            android:noHistory="true"
186-->[com.onesignal:OneSignal:4.8.5] AndroidManifest.xml:74:13-37
187            android:theme="@android:style/Theme.Translucent.NoTitleBar" >
187-->[com.onesignal:OneSignal:4.8.5] AndroidManifest.xml:75:13-72
188            <intent-filter>
188-->[com.onesignal:OneSignal:4.8.5] AndroidManifest.xml:76:13-78:29
189                <action android:name="android.intent.action.VIEW" />
189-->[com.onesignal:OneSignal:4.8.5] AndroidManifest.xml:77:17-69
189-->[com.onesignal:OneSignal:4.8.5] AndroidManifest.xml:77:25-66
190            </intent-filter>
191        </activity>
192
193        <service
193-->[com.onesignal:OneSignal:4.8.5] AndroidManifest.xml:81:9-83:40
194            android:name="com.onesignal.FCMIntentService"
194-->[com.onesignal:OneSignal:4.8.5] AndroidManifest.xml:82:13-58
195            android:exported="false" />
195-->[com.onesignal:OneSignal:4.8.5] AndroidManifest.xml:83:13-37
196        <service
196-->[com.onesignal:OneSignal:4.8.5] AndroidManifest.xml:84:9-87:72
197            android:name="com.onesignal.FCMIntentJobService"
197-->[com.onesignal:OneSignal:4.8.5] AndroidManifest.xml:85:13-61
198            android:exported="false"
198-->[com.onesignal:OneSignal:4.8.5] AndroidManifest.xml:86:13-37
199            android:permission="android.permission.BIND_JOB_SERVICE" />
199-->[com.onesignal:OneSignal:4.8.5] AndroidManifest.xml:87:13-69
200        <service
200-->[com.onesignal:OneSignal:4.8.5] AndroidManifest.xml:88:9-91:43
201            android:name="com.onesignal.SyncService"
201-->[com.onesignal:OneSignal:4.8.5] AndroidManifest.xml:89:13-53
202            android:exported="false"
202-->[com.onesignal:OneSignal:4.8.5] AndroidManifest.xml:90:13-37
203            android:stopWithTask="true" />
203-->[com.onesignal:OneSignal:4.8.5] AndroidManifest.xml:91:13-40
204        <service
204-->[com.onesignal:OneSignal:4.8.5] AndroidManifest.xml:92:9-95:72
205            android:name="com.onesignal.SyncJobService"
205-->[com.onesignal:OneSignal:4.8.5] AndroidManifest.xml:93:13-56
206            android:exported="false"
206-->[com.onesignal:OneSignal:4.8.5] AndroidManifest.xml:94:13-37
207            android:permission="android.permission.BIND_JOB_SERVICE" />
207-->[com.onesignal:OneSignal:4.8.5] AndroidManifest.xml:95:13-69
208
209        <activity
209-->[com.onesignal:OneSignal:4.8.5] AndroidManifest.xml:97:9-100:75
210            android:name="com.onesignal.PermissionsActivity"
210-->[com.onesignal:OneSignal:4.8.5] AndroidManifest.xml:98:13-61
211            android:exported="false"
211-->[com.onesignal:OneSignal:4.8.5] AndroidManifest.xml:99:13-37
212            android:theme="@android:style/Theme.Translucent.NoTitleBar" />
212-->[com.onesignal:OneSignal:4.8.5] AndroidManifest.xml:100:13-72
213
214        <receiver
214-->[com.onesignal:OneSignal:4.8.5] AndroidManifest.xml:102:9-104:39
215            android:name="com.onesignal.NotificationDismissReceiver"
215-->[com.onesignal:OneSignal:4.8.5] AndroidManifest.xml:103:13-69
216            android:exported="true" />
216-->[com.onesignal:OneSignal:4.8.5] AndroidManifest.xml:104:13-36
217        <receiver
217-->[com.onesignal:OneSignal:4.8.5] AndroidManifest.xml:105:9-112:20
218            android:name="com.onesignal.BootUpReceiver"
218-->[com.onesignal:OneSignal:4.8.5] AndroidManifest.xml:106:13-56
219            android:exported="true" >
219-->[com.onesignal:OneSignal:4.8.5] AndroidManifest.xml:107:13-36
220            <intent-filter>
220-->[com.onesignal:OneSignal:4.8.5] AndroidManifest.xml:108:13-111:29
221                <action android:name="android.intent.action.BOOT_COMPLETED" />
221-->[com.onesignal:OneSignal:4.8.5] AndroidManifest.xml:109:17-79
221-->[com.onesignal:OneSignal:4.8.5] AndroidManifest.xml:109:25-76
222                <action android:name="android.intent.action.QUICKBOOT_POWERON" />
222-->[com.onesignal:OneSignal:4.8.5] AndroidManifest.xml:110:17-82
222-->[com.onesignal:OneSignal:4.8.5] AndroidManifest.xml:110:25-79
223            </intent-filter>
224        </receiver>
225        <receiver
225-->[com.onesignal:OneSignal:4.8.5] AndroidManifest.xml:113:9-119:20
226            android:name="com.onesignal.UpgradeReceiver"
226-->[com.onesignal:OneSignal:4.8.5] AndroidManifest.xml:114:13-57
227            android:exported="true" >
227-->[com.onesignal:OneSignal:4.8.5] AndroidManifest.xml:115:13-36
228            <intent-filter>
228-->[com.onesignal:OneSignal:4.8.5] AndroidManifest.xml:116:13-118:29
229                <action android:name="android.intent.action.MY_PACKAGE_REPLACED" />
229-->[com.onesignal:OneSignal:4.8.5] AndroidManifest.xml:117:17-84
229-->[com.onesignal:OneSignal:4.8.5] AndroidManifest.xml:117:25-81
230            </intent-filter>
231        </receiver>
232
233        <activity
233-->[com.onesignal:OneSignal:4.8.5] AndroidManifest.xml:121:9-127:75
234            android:name="com.onesignal.NotificationOpenedReceiver"
234-->[com.onesignal:OneSignal:4.8.5] AndroidManifest.xml:122:13-68
235            android:excludeFromRecents="true"
235-->[com.onesignal:OneSignal:4.8.5] AndroidManifest.xml:123:13-46
236            android:exported="true"
236-->[com.onesignal:OneSignal:4.8.5] AndroidManifest.xml:124:13-36
237            android:noHistory="true"
237-->[com.onesignal:OneSignal:4.8.5] AndroidManifest.xml:125:13-37
238            android:taskAffinity=""
238-->[com.onesignal:OneSignal:4.8.5] AndroidManifest.xml:126:13-36
239            android:theme="@android:style/Theme.Translucent.NoTitleBar" />
239-->[com.onesignal:OneSignal:4.8.5] AndroidManifest.xml:127:13-72
240        <activity
240-->[com.onesignal:OneSignal:4.8.5] AndroidManifest.xml:128:9-133:75
241            android:name="com.onesignal.NotificationOpenedReceiverAndroid22AndOlder"
241-->[com.onesignal:OneSignal:4.8.5] AndroidManifest.xml:129:13-85
242            android:excludeFromRecents="true"
242-->[com.onesignal:OneSignal:4.8.5] AndroidManifest.xml:130:13-46
243            android:exported="true"
243-->[com.onesignal:OneSignal:4.8.5] AndroidManifest.xml:131:13-36
244            android:noHistory="true"
244-->[com.onesignal:OneSignal:4.8.5] AndroidManifest.xml:132:13-37
245            android:theme="@android:style/Theme.Translucent.NoTitleBar" />
245-->[com.onesignal:OneSignal:4.8.5] AndroidManifest.xml:133:13-72
246
247        <uses-library
247-->[androidx.window:window:1.0.0-beta04] AndroidManifest.xml:25:9-27:40
248            android:name="androidx.window.extensions"
248-->[androidx.window:window:1.0.0-beta04] AndroidManifest.xml:26:13-54
249            android:required="false" />
249-->[androidx.window:window:1.0.0-beta04] AndroidManifest.xml:27:13-37
250        <uses-library
250-->[androidx.window:window:1.0.0-beta04] AndroidManifest.xml:28:9-30:40
251            android:name="androidx.window.sidecar"
251-->[androidx.window:window:1.0.0-beta04] AndroidManifest.xml:29:13-51
252            android:required="false" />
252-->[androidx.window:window:1.0.0-beta04] AndroidManifest.xml:30:13-37
253
254        <receiver
254-->[com.google.firebase:firebase-messaging:23.1.2] AndroidManifest.xml:31:9-38:20
255            android:name="com.google.firebase.iid.FirebaseInstanceIdReceiver"
255-->[com.google.firebase:firebase-messaging:23.1.2] AndroidManifest.xml:32:13-78
256            android:exported="true"
256-->[com.google.firebase:firebase-messaging:23.1.2] AndroidManifest.xml:33:13-36
257            android:permission="com.google.android.c2dm.permission.SEND" >
257-->[com.google.firebase:firebase-messaging:23.1.2] AndroidManifest.xml:34:13-73
258            <intent-filter>
258-->[com.google.firebase:firebase-messaging:23.1.2] AndroidManifest.xml:35:13-37:29
259                <action android:name="com.google.android.c2dm.intent.RECEIVE" />
259-->[com.onesignal:OneSignal:4.8.5] AndroidManifest.xml:57:17-81
259-->[com.onesignal:OneSignal:4.8.5] AndroidManifest.xml:57:25-78
260            </intent-filter>
261        </receiver>
262        <!--
263             FirebaseMessagingService performs security checks at runtime,
264             but set to not exported to explicitly avoid allowing another app to call it.
265        -->
266        <service
266-->[com.google.firebase:firebase-messaging:23.1.2] AndroidManifest.xml:44:9-51:19
267            android:name="com.google.firebase.messaging.FirebaseMessagingService"
267-->[com.google.firebase:firebase-messaging:23.1.2] AndroidManifest.xml:45:13-82
268            android:directBootAware="true"
268-->[com.google.firebase:firebase-messaging:23.1.2] AndroidManifest.xml:46:13-43
269            android:exported="false" >
269-->[com.google.firebase:firebase-messaging:23.1.2] AndroidManifest.xml:47:13-37
270            <intent-filter android:priority="-500" >
270-->[com.google.firebase:firebase-messaging:23.1.2] AndroidManifest.xml:48:13-50:29
270-->[com.google.firebase:firebase-messaging:23.1.2] AndroidManifest.xml:48:28-51
271                <action android:name="com.google.firebase.MESSAGING_EVENT" />
271-->[com.google.firebase:firebase-messaging:23.1.2] AndroidManifest.xml:49:17-78
271-->[com.google.firebase:firebase-messaging:23.1.2] AndroidManifest.xml:49:25-75
272            </intent-filter>
273        </service>
274
275        <provider
275-->[com.google.firebase:firebase-common:20.3.2] AndroidManifest.xml:25:9-30:39
276            android:name="com.google.firebase.provider.FirebaseInitProvider"
276-->[com.google.firebase:firebase-common:20.3.2] AndroidManifest.xml:26:13-77
277            android:authorities="com.example.betting1.firebaseinitprovider"
277-->[com.google.firebase:firebase-common:20.3.2] AndroidManifest.xml:27:13-72
278            android:directBootAware="true"
278-->[com.google.firebase:firebase-common:20.3.2] AndroidManifest.xml:28:13-43
279            android:exported="false"
279-->[com.google.firebase:firebase-common:20.3.2] AndroidManifest.xml:29:13-37
280            android:initOrder="100" />
280-->[com.google.firebase:firebase-common:20.3.2] AndroidManifest.xml:30:13-36
281
282        <activity
282-->[com.google.android.gms:play-services-base:18.0.1] AndroidManifest.xml:20:9-22:45
283            android:name="com.google.android.gms.common.api.GoogleApiActivity"
283-->[com.google.android.gms:play-services-base:18.0.1] AndroidManifest.xml:20:19-85
284            android:exported="false"
284-->[com.google.android.gms:play-services-base:18.0.1] AndroidManifest.xml:22:19-43
285            android:theme="@android:style/Theme.Translucent.NoTitleBar" />
285-->[com.google.android.gms:play-services-base:18.0.1] AndroidManifest.xml:21:19-78
286
287        <meta-data
287-->[com.google.android.gms:play-services-basement:18.1.0] AndroidManifest.xml:21:9-23:69
288            android:name="com.google.android.gms.version"